[INFO ] 20-01-09 14:54:41.601 [main] o.s.b.t.c.SpringBootTestContextBootstrapper - Neither @ContextConfiguration nor @ContextHierarchy found for test class [com.ms.server.Test1], using SpringBootContextLoader
[INFO ] 20-01-09 14:54:41.615 [main] o.s.t.c.s.AbstractContextLoader - Could not detect default resource locations for test class [com.ms.server.Test1]: no resource found for suffixes {-context.xml, Context.groovy}.
[INFO ] 20-01-09 14:54:41.617 [main] o.s.t.c.s.AnnotationConfigContextLoaderUtils - Could not detect default configuration classes for test class [com.ms.server.Test1]: Test1 does not declare any static, non-private, non-final, nested classes annotated with @Configuration.
[INFO ] 20-01-09 14:54:42.317 [main] o.s.b.t.c.SpringBootTestContextBootstrapper - Found @SpringBootConfiguration com.ms.server.ServerApplication for test class com.ms.server.Test1
[INFO ] 20-01-09 14:54:42.695 [main] o.s.b.t.c.SpringBootTestContextBootstrapper - Loaded default TestExecutionListener class names from location [META-INF/spring.factories]: [org.springframework.boot.test.mock.mockito.MockitoTestExecutionListener, org.springframework.boot.test.mock.mockito.ResetMocksTestExecutionListener, org.springframework.boot.test.autoconfigure.restdocs.RestDocsTestExecutionListener, org.springframework.boot.test.autoconfigure.web.client.MockRestServiceServerResetTestExecutionListener, org.springframework.boot.test.autoconfigure.web.servlet.MockMvcPrintOnlyOnFailureTestExecutionListener, org.springframework.boot.test.autoconfigure.web.servlet.WebDriverTestExecutionListener, org.springframework.test.context.web.ServletTestExecutionListener, org.springframework.test.context.support.DirtiesContextBeforeModesTestExecutionListener, org.springframework.test.context.support.DependencyInjectionTestExecutionListener, org.springframework.test.context.support.DirtiesContextTestExecutionListener, org.springframework.test.context.transaction.TransactionalTestExecutionListener, org.springframework.test.context.jdbc.SqlScriptsTestExecutionListener, org.springframework.test.context.event.EventPublishingTestExecutionListener]
[INFO ] 20-01-09 14:54:42.733 [main] o.s.b.t.c.SpringBootTestContextBootstrapper - Using TestExecutionListeners: [org.springframework.test.context.web.ServletTestExecutionListener@625732, org.springframework.test.context.support.DirtiesContextBeforeModesTestExecutionListener@51dcb805, org.springframework.boot.test.mock.mockito.MockitoTestExecutionListener@66498326, org.springframework.boot.test.autoconfigure.SpringBootDependencyInjectionTestExecutionListener@cad498c, org.springframework.test.context.support.DirtiesContextTestExecutionListener@1e6454ec, org.springframework.test.context.transaction.TransactionalTestExecutionListener@2accdbb5, org.springframework.test.context.jdbc.SqlScriptsTestExecutionListener@b62d79, org.springframework.test.context.event.EventPublishingTestExecutionListener@6631f5ca, org.springframework.boot.test.mock.mockito.ResetMocksTestExecutionListener@5ace1ed4, org.springframework.boot.test.autoconfigure.restdocs.RestDocsTestExecutionListener@1613674b, org.springframework.boot.test.autoconfigure.web.client.MockRestServiceServerResetTestExecutionListener@27ff5d15, org.springframework.boot.test.autoconfigure.web.servlet.MockMvcPrintOnlyOnFailureTestExecutionListener@4e096385, org.springframework.boot.test.autoconfigure.web.servlet.WebDriverTestExecutionListener@649bec2e]
[INFO ] 20-01-09 14:54:44.392 [main] com.ms.server.Test1 - Starting Test1 on GH-PC with PID 9664 (started by April in D:\JetBrains\IdeaProjects\comm-server)
[INFO ] 20-01-09 14:54:44.394 [main] com.ms.server.Test1 - No active profile set, falling back to default profiles: default
[INFO ] 20-01-09 14:54:46.322 [main] o.s.d.r.c.RepositoryConfigurationDelegate - Multiple Spring Data modules found, entering strict repository configuration mode!
[INFO ] 20-01-09 14:54:46.327 [main] o.s.d.r.c.RepositoryConfigurationDelegate - Bootstrapping Spring Data Redis repositories in DEFAULT mode.
[INFO ] 20-01-09 14:54:46.391 [main] o.s.d.r.c.RepositoryConfigurationDelegate - Finished Spring Data repository scanning in 35ms. Found 0 Redis repository interfaces.
[INFO ] 20-01-09 14:54:47.207 [main] o.s.c.s.PostProcessorRegistrationDelegate$BeanPostProcessorChecker - Bean 'org.springframework.ws.config.annotation.DelegatingWsConfiguration' of type [org.springframework.ws.config.annotation.DelegatingWsConfiguration$$EnhancerBySpringCGLIB$$5a00174e] is not eligible for getting processed by all BeanPostProcessors (for example: not eligible for auto-proxying)
[INFO ] 20-01-09 14:54:47.268 [main] o.s.w.s.a.s.AnnotationActionEndpointMapping - Supporting [WS-Addressing August 2004, WS-Addressing 1.0]
[INFO ] 20-01-09 14:54:47.310 [main] o.s.c.s.PostProcessorRegistrationDelegate$BeanPostProcessorChecker - Bean 'org.springframework.transaction.annotation.ProxyTransactionManagementConfiguration' of type [org.springframework.transaction.annotation.ProxyTransactionManagementConfiguration] is not eligible for getting processed by all BeanPostProcessors (for example: not eligible for auto-proxying)
[INFO ] 20-01-09 14:54:47.614 [main] o.s.b.a.l.ConditionEvaluationReportLoggingListener - 

Error starting ApplicationContext. To display the conditions report re-run your application with 'debug' enabled.
[INFO ] 20-01-09 14:59:38.260 [main] o.s.b.t.c.SpringBootTestContextBootstrapper - Neither @ContextConfiguration nor @ContextHierarchy found for test class [com.ms.server.Test1], using SpringBootContextLoader
[INFO ] 20-01-09 14:59:38.276 [main] o.s.t.c.s.AbstractContextLoader - Could not detect default resource locations for test class [com.ms.server.Test1]: no resource found for suffixes {-context.xml, Context.groovy}.
[INFO ] 20-01-09 14:59:38.278 [main] o.s.t.c.s.AnnotationConfigContextLoaderUtils - Could not detect default configuration classes for test class [com.ms.server.Test1]: Test1 does not declare any static, non-private, non-final, nested classes annotated with @Configuration.
[INFO ] 20-01-09 14:59:38.632 [main] o.s.b.t.c.SpringBootTestContextBootstrapper - Found @SpringBootConfiguration com.ms.server.ServerApplication for test class com.ms.server.Test1
[INFO ] 20-01-09 14:59:39.023 [main] o.s.b.t.c.SpringBootTestContextBootstrapper - Loaded default TestExecutionListener class names from location [META-INF/spring.factories]: [org.springframework.boot.test.mock.mockito.MockitoTestExecutionListener, org.springframework.boot.test.mock.mockito.ResetMocksTestExecutionListener, org.springframework.boot.test.autoconfigure.restdocs.RestDocsTestExecutionListener, org.springframework.boot.test.autoconfigure.web.client.MockRestServiceServerResetTestExecutionListener, org.springframework.boot.test.autoconfigure.web.servlet.MockMvcPrintOnlyOnFailureTestExecutionListener, org.springframework.boot.test.autoconfigure.web.servlet.WebDriverTestExecutionListener, org.springframework.test.context.web.ServletTestExecutionListener, org.springframework.test.context.support.DirtiesContextBeforeModesTestExecutionListener, org.springframework.test.context.support.DependencyInjectionTestExecutionListener, org.springframework.test.context.support.DirtiesContextTestExecutionListener, org.springframework.test.context.transaction.TransactionalTestExecutionListener, org.springframework.test.context.jdbc.SqlScriptsTestExecutionListener, org.springframework.test.context.event.EventPublishingTestExecutionListener]
[INFO ] 20-01-09 14:59:39.065 [main] o.s.b.t.c.SpringBootTestContextBootstrapper - Using TestExecutionListeners: [org.springframework.test.context.web.ServletTestExecutionListener@51dcb805, org.springframework.test.context.support.DirtiesContextBeforeModesTestExecutionListener@66498326, org.springframework.boot.test.mock.mockito.MockitoTestExecutionListener@cad498c, org.springframework.boot.test.autoconfigure.SpringBootDependencyInjectionTestExecutionListener@1e6454ec, org.springframework.test.context.support.DirtiesContextTestExecutionListener@2accdbb5, org.springframework.test.context.transaction.TransactionalTestExecutionListener@b62d79, org.springframework.test.context.jdbc.SqlScriptsTestExecutionListener@6631f5ca, org.springframework.test.context.event.EventPublishingTestExecutionListener@5ace1ed4, org.springframework.boot.test.mock.mockito.ResetMocksTestExecutionListener@1613674b, org.springframework.boot.test.autoconfigure.restdocs.RestDocsTestExecutionListener@27ff5d15, org.springframework.boot.test.autoconfigure.web.client.MockRestServiceServerResetTestExecutionListener@4e096385, org.springframework.boot.test.autoconfigure.web.servlet.MockMvcPrintOnlyOnFailureTestExecutionListener@649bec2e, org.springframework.boot.test.autoconfigure.web.servlet.WebDriverTestExecutionListener@693fe6c9]
[INFO ] 20-01-09 14:59:40.174 [main] com.ms.server.Test1 - Starting Test1 on GH-PC with PID 5304 (started by April in D:\JetBrains\IdeaProjects\comm-server)
[INFO ] 20-01-09 14:59:40.176 [main] com.ms.server.Test1 - No active profile set, falling back to default profiles: default
[INFO ] 20-01-09 14:59:41.834 [main] o.s.d.r.c.RepositoryConfigurationDelegate - Multiple Spring Data modules found, entering strict repository configuration mode!
[INFO ] 20-01-09 14:59:41.840 [main] o.s.d.r.c.RepositoryConfigurationDelegate - Bootstrapping Spring Data Redis repositories in DEFAULT mode.
[INFO ] 20-01-09 14:59:41.917 [main] o.s.d.r.c.RepositoryConfigurationDelegate - Finished Spring Data repository scanning in 41ms. Found 0 Redis repository interfaces.
[INFO ] 20-01-09 14:59:42.810 [main] o.s.c.s.PostProcessorRegistrationDelegate$BeanPostProcessorChecker - Bean 'org.springframework.ws.config.annotation.DelegatingWsConfiguration' of type [org.springframework.ws.config.annotation.DelegatingWsConfiguration$$EnhancerBySpringCGLIB$$af04f4f0] is not eligible for getting processed by all BeanPostProcessors (for example: not eligible for auto-proxying)
[INFO ] 20-01-09 14:59:42.867 [main] o.s.w.s.a.s.AnnotationActionEndpointMapping - Supporting [WS-Addressing August 2004, WS-Addressing 1.0]
[INFO ] 20-01-09 14:59:42.908 [main] o.s.c.s.PostProcessorRegistrationDelegate$BeanPostProcessorChecker - Bean 'org.springframework.transaction.annotation.ProxyTransactionManagementConfiguration' of type [org.springframework.transaction.annotation.ProxyTransactionManagementConfiguration] is not eligible for getting processed by all BeanPostProcessors (for example: not eligible for auto-proxying)
[INFO ] 20-01-09 14:59:43.277 [main] o.s.b.a.l.ConditionEvaluationReportLoggingListener - 

Error starting ApplicationContext. To display the conditions report re-run your application with 'debug' enabled.
[INFO ] 20-01-09 15:41:15.272 [restartedMain] com.ms.server.ServerApplication - Starting ServerApplication on GH-PC with PID 10096 (D:\JetBrains\IdeaProjects\comm-server\target\classes started by April in D:\JetBrains\IdeaProjects\comm-server)
[INFO ] 20-01-09 15:41:15.285 [restartedMain] com.ms.server.ServerApplication - No active profile set, falling back to default profiles: default
[INFO ] 20-01-09 15:41:15.551 [restartedMain] o.s.b.d.e.DevToolsPropertyDefaultsPostProcessor - Devtools property defaults active! Set 'spring.devtools.add-properties' to 'false' to disable
[INFO ] 20-01-09 15:41:15.552 [restartedMain] o.s.b.d.e.DevToolsPropertyDefaultsPostProcessor - For additional web related logging consider setting the 'logging.level.web' property to 'DEBUG'
[INFO ] 20-01-09 15:41:16.405 [restartedMain] o.s.d.r.c.RepositoryConfigurationDelegate - Multiple Spring Data modules found, entering strict repository configuration mode!
[INFO ] 20-01-09 15:41:16.408 [restartedMain] o.s.d.r.c.RepositoryConfigurationDelegate - Bootstrapping Spring Data Redis repositories in DEFAULT mode.
[INFO ] 20-01-09 15:41:16.444 [restartedMain] o.s.d.r.c.RepositoryConfigurationDelegate - Finished Spring Data repository scanning in 21ms. Found 0 Redis repository interfaces.
[INFO ] 20-01-09 15:41:16.874 [restartedMain] o.s.c.s.PostProcessorRegistrationDelegate$BeanPostProcessorChecker - Bean 'org.springframework.ws.config.annotation.DelegatingWsConfiguration' of type [org.springframework.ws.config.annotation.DelegatingWsConfiguration$$EnhancerBySpringCGLIB$$9de6d56d] is not eligible for getting processed by all BeanPostProcessors (for example: not eligible for auto-proxying)
[INFO ] 20-01-09 15:41:16.906 [restartedMain] o.s.w.s.a.s.AnnotationActionEndpointMapping - Supporting [WS-Addressing August 2004, WS-Addressing 1.0]
[INFO ] 20-01-09 15:41:16.919 [restartedMain] o.s.c.s.PostProcessorRegistrationDelegate$BeanPostProcessorChecker - Bean 'org.springframework.transaction.annotation.ProxyTransactionManagementConfiguration' of type [org.springframework.transaction.annotation.ProxyTransactionManagementConfiguration] is not eligible for getting processed by all BeanPostProcessors (for example: not eligible for auto-proxying)
[INFO ] 20-01-09 15:41:17.402 [restartedMain] o.s.b.w.e.tomcat.TomcatWebServer - Tomcat initialized with port(s): 8080 (http)
[INFO ] 20-01-09 15:41:17.415 [restartedMain] o.a.coyote.http11.Http11NioProtocol - Initializing ProtocolHandler ["http-nio-8080"]
[INFO ] 20-01-09 15:41:17.416 [restartedMain] o.a.catalina.core.StandardService - Starting service [Tomcat]
[INFO ] 20-01-09 15:41:17.416 [restartedMain] o.a.catalina.core.StandardEngine - Starting Servlet engine: [Apache Tomcat/9.0.29]
[INFO ] 20-01-09 15:41:17.420 [restartedMain] o.a.c.core.AprLifecycleListener - Loaded APR based Apache Tomcat Native library [1.2.23] using APR version [1.7.0].
[INFO ] 20-01-09 15:41:17.421 [restartedMain] o.a.c.core.AprLifecycleListener - APR capabilities: IPv6 [true], sendfile [true], accept filters [false], random [true].
[INFO ] 20-01-09 15:41:17.421 [restartedMain] o.a.c.core.AprLifecycleListener - APR/OpenSSL configuration: useAprConnector [false], useOpenSSL [true]
[INFO ] 20-01-09 15:41:17.434 [restartedMain] o.a.c.core.AprLifecycleListener - OpenSSL successfully initialized [OpenSSL 1.1.1c  28 May 2019]
[INFO ] 20-01-09 15:41:17.554 [restartedMain] o.a.c.c.C.[Tomcat].[localhost].[/] - Initializing Spring embedded WebApplicationContext
[INFO ] 20-01-09 15:41:17.554 [restartedMain] o.s.web.context.ContextLoader - Root WebApplicationContext: initialization completed in 2002 ms
[INFO ] 20-01-09 15:41:18.262 [restartedMain] com.zaxxer.hikari.HikariDataSource - HikariPool-1 - Starting...
[INFO ] 20-01-09 15:41:18.431 [restartedMain] com.zaxxer.hikari.HikariDataSource - HikariPool-1 - Start completed.
[INFO ] 20-01-09 15:41:18.521 [restartedMain] o.s.s.c.ThreadPoolTaskExecutor - Initializing ExecutorService
[INFO ] 20-01-09 15:41:18.523 [restartedMain] o.s.s.c.ThreadPoolTaskExecutor - Initializing ExecutorService 'TaskAsyncPool'
[INFO ] 20-01-09 15:41:19.379 [restartedMain] o.s.s.c.ThreadPoolTaskScheduler - Initializing ExecutorService 'taskScheduler'
[INFO ] 20-01-09 15:41:19.462 [restartedMain] o.s.b.d.a.OptionalLiveReloadServer - LiveReload server is running on port 35729
[INFO ] 20-01-09 15:41:19.517 [restartedMain] o.a.coyote.http11.Http11NioProtocol - Starting ProtocolHandler ["http-nio-8080"]
[INFO ] 20-01-09 15:41:19.539 [UDPExecutor-1] com.ms.server.udp.UdpServer - --------------------------------------------------------------------
[INFO ] 20-01-09 15:41:19.539 [UDPExecutor-1] com.ms.server.udp.UdpServer -  UDP Server start!!!  UDP Receive msg Port:8888
[INFO ] 20-01-09 15:41:19.554 [restartedMain] o.s.b.w.e.tomcat.TomcatWebServer - Tomcat started on port(s): 8080 (http) with context path ''
[INFO ] 20-01-09 15:41:19.559 [restartedMain] com.ms.server.ServerApplication - Started ServerApplication in 5.077 seconds (JVM running for 7.103)
[INFO ] 20-01-09 15:45:51.606 [main] o.s.b.t.c.SpringBootTestContextBootstrapper - Neither @ContextConfiguration nor @ContextHierarchy found for test class [com.ms.server.Test1], using SpringBootContextLoader
[INFO ] 20-01-09 15:45:51.621 [main] o.s.t.c.s.AbstractContextLoader - Could not detect default resource locations for test class [com.ms.server.Test1]: no resource found for suffixes {-context.xml, Context.groovy}.
[INFO ] 20-01-09 15:45:51.623 [main] o.s.t.c.s.AnnotationConfigContextLoaderUtils - Could not detect default configuration classes for test class [com.ms.server.Test1]: Test1 does not declare any static, non-private, non-final, nested classes annotated with @Configuration.
[INFO ] 20-01-09 15:45:52.060 [main] o.s.b.t.c.SpringBootTestContextBootstrapper - Found @SpringBootConfiguration com.ms.server.ServerApplication for test class com.ms.server.Test1
[INFO ] 20-01-09 15:45:52.393 [main] o.s.b.t.c.SpringBootTestContextBootstrapper - Loaded default TestExecutionListener class names from location [META-INF/spring.factories]: [org.springframework.boot.test.mock.mockito.MockitoTestExecutionListener, org.springframework.boot.test.mock.mockito.ResetMocksTestExecutionListener, org.springframework.boot.test.autoconfigure.restdocs.RestDocsTestExecutionListener, org.springframework.boot.test.autoconfigure.web.client.MockRestServiceServerResetTestExecutionListener, org.springframework.boot.test.autoconfigure.web.servlet.MockMvcPrintOnlyOnFailureTestExecutionListener, org.springframework.boot.test.autoconfigure.web.servlet.WebDriverTestExecutionListener, org.springframework.test.context.web.ServletTestExecutionListener, org.springframework.test.context.support.DirtiesContextBeforeModesTestExecutionListener, org.springframework.test.context.support.DependencyInjectionTestExecutionListener, org.springframework.test.context.support.DirtiesContextTestExecutionListener, org.springframework.test.context.transaction.TransactionalTestExecutionListener, org.springframework.test.context.jdbc.SqlScriptsTestExecutionListener, org.springframework.test.context.event.EventPublishingTestExecutionListener]
[INFO ] 20-01-09 15:45:52.431 [main] o.s.b.t.c.SpringBootTestContextBootstrapper - Using TestExecutionListeners: [org.springframework.test.context.web.ServletTestExecutionListener@51dcb805, org.springframework.test.context.support.DirtiesContextBeforeModesTestExecutionListener@66498326, org.springframework.boot.test.mock.mockito.MockitoTestExecutionListener@cad498c, org.springframework.boot.test.autoconfigure.SpringBootDependencyInjectionTestExecutionListener@1e6454ec, org.springframework.test.context.support.DirtiesContextTestExecutionListener@2accdbb5, org.springframework.test.context.transaction.TransactionalTestExecutionListener@b62d79, org.springframework.test.context.jdbc.SqlScriptsTestExecutionListener@6631f5ca, org.springframework.test.context.event.EventPublishingTestExecutionListener@5ace1ed4, org.springframework.boot.test.mock.mockito.ResetMocksTestExecutionListener@1613674b, org.springframework.boot.test.autoconfigure.restdocs.RestDocsTestExecutionListener@27ff5d15, org.springframework.boot.test.autoconfigure.web.client.MockRestServiceServerResetTestExecutionListener@4e096385, org.springframework.boot.test.autoconfigure.web.servlet.MockMvcPrintOnlyOnFailureTestExecutionListener@649bec2e, org.springframework.boot.test.autoconfigure.web.servlet.WebDriverTestExecutionListener@693fe6c9]
[INFO ] 20-01-09 15:45:53.491 [main] com.ms.server.Test1 - Starting Test1 on GH-PC with PID 11792 (started by April in D:\JetBrains\IdeaProjects\comm-server)
[INFO ] 20-01-09 15:45:53.496 [main] com.ms.server.Test1 - No active profile set, falling back to default profiles: default
[INFO ] 20-01-09 15:45:55.525 [main] o.s.d.r.c.RepositoryConfigurationDelegate - Multiple Spring Data modules found, entering strict repository configuration mode!
[INFO ] 20-01-09 15:45:55.529 [main] o.s.d.r.c.RepositoryConfigurationDelegate - Bootstrapping Spring Data Redis repositories in DEFAULT mode.
[INFO ] 20-01-09 15:45:55.600 [main] o.s.d.r.c.RepositoryConfigurationDelegate - Finished Spring Data repository scanning in 39ms. Found 0 Redis repository interfaces.
[INFO ] 20-01-09 15:45:56.334 [main] o.s.c.s.PostProcessorRegistrationDelegate$BeanPostProcessorChecker - Bean 'org.springframework.ws.config.annotation.DelegatingWsConfiguration' of type [org.springframework.ws.config.annotation.DelegatingWsConfiguration$$EnhancerBySpringCGLIB$$a4c8a167] is not eligible for getting processed by all BeanPostProcessors (for example: not eligible for auto-proxying)
[INFO ] 20-01-09 15:45:56.379 [main] o.s.w.s.a.s.AnnotationActionEndpointMapping - Supporting [WS-Addressing August 2004, WS-Addressing 1.0]
[INFO ] 20-01-09 15:45:56.414 [main] o.s.c.s.PostProcessorRegistrationDelegate$BeanPostProcessorChecker - Bean 'org.springframework.transaction.annotation.ProxyTransactionManagementConfiguration' of type [org.springframework.transaction.annotation.ProxyTransactionManagementConfiguration] is not eligible for getting processed by all BeanPostProcessors (for example: not eligible for auto-proxying)
[INFO ] 20-01-09 15:45:57.630 [main] com.zaxxer.hikari.HikariDataSource - HikariPool-1 - Starting...
[INFO ] 20-01-09 15:45:57.896 [main] com.zaxxer.hikari.HikariDataSource - HikariPool-1 - Start completed.
[INFO ] 20-01-09 15:45:58.106 [main] o.s.s.c.ThreadPoolTaskExecutor - Initializing ExecutorService
[INFO ] 20-01-09 15:45:58.138 [main] o.s.s.c.ThreadPoolTaskExecutor - Initializing ExecutorService 'TaskAsyncPool'
[INFO ] 20-01-09 15:46:00.719 [main] o.s.s.c.ThreadPoolTaskScheduler - Initializing ExecutorService 'taskScheduler'
[INFO ] 20-01-09 15:46:01.079 [main] com.ms.server.Test1 - Started Test1 in 8.544 seconds (JVM running for 11.338)
[INFO ] 20-01-09 15:46:01.359 [UDPExecutor-1] com.ms.server.udp.UdpServer - --------------------------------------------------------------------
[INFO ] 20-01-09 15:46:01.360 [UDPExecutor-1] com.ms.server.udp.UdpServer -  UDP Server start!!!  UDP Receive msg Port:8888
[INFO ] 20-01-09 15:46:01.763 [SpringContextShutdownHook] o.s.s.c.ThreadPoolTaskScheduler - Shutting down ExecutorService 'taskScheduler'
[INFO ] 20-01-09 15:46:01.799 [SpringContextShutdownHook] o.s.s.c.ThreadPoolTaskExecutor - Shutting down ExecutorService 'TaskAsyncPool'
[INFO ] 20-01-09 15:46:01.800 [SpringContextShutdownHook] com.zaxxer.hikari.HikariDataSource - HikariPool-1 - Shutdown initiated...
[INFO ] 20-01-09 15:46:01.849 [SpringContextShutdownHook] com.zaxxer.hikari.HikariDataSource - HikariPool-1 - Shutdown completed.
