[WARN ] 20-01-21 11:00:40.040 [restartedMain] c.b.m.core.metadata.TableInfoHelper - Warn: Could not find @TableId in Class: com.ms.server.entity.BaseDataPointInfo.
[WARN ] 20-01-21 11:01:05.559 [restartedMain] c.b.m.core.metadata.TableInfoHelper - Warn: Could not find @TableId in Class: com.ms.server.entity.BaseDataPointInfo.
[WARN ] 20-01-21 11:05:59.749 [restartedMain] o.a.tomcat.util.modeler.Registry - The MBean registry cannot be disabled because it has already been initialised
[WARN ] 20-01-21 11:06:00.205 [restartedMain] c.b.m.core.metadata.TableInfoHelper - Warn: Could not find @TableId in Class: com.ms.server.entity.BaseDataPointInfo.
[WARN ] 20-01-21 11:06:45.405 [restartedMain] c.b.m.core.metadata.TableInfoHelper - Warn: Could not find @TableId in Class: com.ms.server.entity.BaseDataPointInfo.
[WARN ] 20-01-21 11:08:17.518 [restartedMain] o.a.tomcat.util.modeler.Registry - The MBean registry cannot be disabled because it has already been initialised
[WARN ] 20-01-21 11:08:18.246 [restartedMain] c.b.m.core.metadata.TableInfoHelper - Warn: Could not find @TableId in Class: com.ms.server.entity.BaseDataPointInfo.
[WARN ] 20-01-21 11:09:12.909 [restartedMain] c.b.m.core.metadata.TableInfoHelper - Warn: Could not find @TableId in Class: com.ms.server.entity.BaseDataPointInfo.
[WARN ] 20-01-21 11:12:44.581 [restartedMain] o.a.tomcat.util.modeler.Registry - The MBean registry cannot be disabled because it has already been initialised
[WARN ] 20-01-21 11:12:45.102 [restartedMain] c.b.m.core.metadata.TableInfoHelper - Warn: Could not find @TableId in Class: com.ms.server.entity.BaseDataPointInfo.
[WARN ] 20-01-21 11:12:45.276 [restartedMain] o.s.b.w.s.c.AnnotationConfigServletWebServerApplicationContext - Exception encountered during context initialization - cancelling refresh attempt: org.springframework.beans.factory.BeanCreationException: Error creating bean with name 'listenerAdapter' defined in class path resource [com/ms/server/comm/RedisChannelMessageConfig.class]: Bean instantiation via factory method failed; nested exception is org.springframework.beans.BeanInstantiationException: Failed to instantiate [org.springframework.data.redis.listener.adapter.MessageListenerAdapter]: Factory method 'listenerAdapter' threw exception; nested exception is java.lang.NoClassDefFoundError: com/ms/server/comm/RedisChannelListener
[WARN ] 20-01-21 11:17:12.982 [restartedMain] o.a.tomcat.util.modeler.Registry - The MBean registry cannot be disabled because it has already been initialised
[WARN ] 20-01-21 11:17:13.499 [restartedMain] c.b.m.core.metadata.TableInfoHelper - Warn: Could not find @TableId in Class: com.ms.server.entity.BaseDataPointInfo.
[WARN ] 20-01-21 11:17:13.574 [restartedMain] o.s.b.w.s.c.AnnotationConfigServletWebServerApplicationContext - Exception encountered during context initialization - cancelling refresh attempt: org.springframework.beans.factory.BeanCreationException: Error creating bean with name 'listenerAdapter' defined in class path resource [com/ms/server/comm/RedisChannelMessageConfig.class]: Bean instantiation via factory method failed; nested exception is org.springframework.beans.BeanInstantiationException: Failed to instantiate [org.springframework.data.redis.listener.adapter.MessageListenerAdapter]: Factory method 'listenerAdapter' threw exception; nested exception is java.lang.NoClassDefFoundError: com/ms/server/comm/RedisChannelListener
[WARN ] 20-01-21 11:19:58.769 [restartedMain] c.b.m.core.metadata.TableInfoHelper - Warn: Could not find @TableId in Class: com.ms.server.entity.BaseDataPointInfo.
[WARN ] 20-01-21 11:22:04.477 [restartedMain] o.a.tomcat.util.modeler.Registry - The MBean registry cannot be disabled because it has already been initialised
[WARN ] 20-01-21 11:22:05.294 [restartedMain] c.b.m.core.metadata.TableInfoHelper - Warn: Could not find @TableId in Class: com.ms.server.entity.BaseDataPointInfo.
[WARN ] 20-01-21 11:31:45.549 [restartedMain] o.a.tomcat.util.modeler.Registry - The MBean registry cannot be disabled because it has already been initialised
[WARN ] 20-01-21 11:31:45.931 [restartedMain] c.b.m.core.metadata.TableInfoHelper - Warn: Could not find @TableId in Class: com.ms.server.entity.BaseDataPointInfo.
[WARN ] 20-01-21 11:31:46.096 [restartedMain] o.s.b.w.s.c.AnnotationConfigServletWebServerApplicationContext - Exception encountered during context initialization - cancelling refresh attempt: org.springframework.beans.factory.BeanCreationException: Error creating bean with name 'listenerAdapter' defined in class path resource [com/ms/server/comm/RedisChannelMessageConfig.class]: Bean instantiation via factory method failed; nested exception is org.springframework.beans.BeanInstantiationException: Failed to instantiate [org.springframework.data.redis.listener.adapter.MessageListenerAdapter]: Factory method 'listenerAdapter' threw exception; nested exception is java.lang.NullPointerException
[WARN ] 20-01-21 11:32:54.429 [restartedMain] o.a.tomcat.util.modeler.Registry - The MBean registry cannot be disabled because it has already been initialised
[WARN ] 20-01-21 11:32:54.761 [restartedMain] c.b.m.core.metadata.TableInfoHelper - Warn: Could not find @TableId in Class: com.ms.server.entity.BaseDataPointInfo.
[WARN ] 20-01-21 11:33:12.545 [restartedMain] c.b.m.core.metadata.TableInfoHelper - Warn: Could not find @TableId in Class: com.ms.server.entity.BaseDataPointInfo.
[WARN ] 20-01-21 11:33:37.150 [restartedMain] o.a.tomcat.util.modeler.Registry - The MBean registry cannot be disabled because it has already been initialised
[WARN ] 20-01-21 11:33:37.503 [restartedMain] c.b.m.core.metadata.TableInfoHelper - Warn: Could not find @TableId in Class: com.ms.server.entity.BaseDataPointInfo.
[WARN ] 20-01-21 11:34:15.653 [restartedMain] c.b.m.core.metadata.TableInfoHelper - Warn: Could not find @TableId in Class: com.ms.server.entity.BaseDataPointInfo.
[WARN ] 20-01-21 11:43:45.046 [restartedMain] c.b.m.core.metadata.TableInfoHelper - Warn: Could not find @TableId in Class: com.ms.server.entity.BaseDataPointInfo.
[WARN ] 20-01-21 11:55:04.477 [restartedMain] c.b.m.core.metadata.TableInfoHelper - Warn: Could not find @TableId in Class: com.ms.server.entity.BaseDataPointInfo.
[WARN ] 20-01-21 11:56:03.674 [restartedMain] o.a.tomcat.util.modeler.Registry - The MBean registry cannot be disabled because it has already been initialised
[WARN ] 20-01-21 11:56:03.831 [restartedMain] o.s.b.w.s.c.AnnotationConfigServletWebServerApplicationContext - Exception encountered during context initialization - cancelling refresh attempt: org.springframework.beans.factory.BeanCreationException: Error creating bean with name 'redisUtil' defined in file [D:\JetBrains\IdeaProjects\comm-server\target\classes\com\ms\server\comm\RedisUtil.class]: Initialization of bean failed; nested exception is org.springframework.aop.framework.AopConfigException: Could not generate CGLIB subclass of class com.ms.server.comm.RedisUtil: Common causes of this problem include using a final class or a non-visible class; nested exception is java.lang.IllegalArgumentException: Cannot subclass final class com.ms.server.comm.RedisUtil
[WARN ] 20-01-21 11:56:50.611 [restartedMain] o.a.tomcat.util.modeler.Registry - The MBean registry cannot be disabled because it has already been initialised
[WARN ] 20-01-21 11:56:51.319 [restartedMain] o.s.b.w.s.c.AnnotationConfigServletWebServerApplicationContext - Exception encountered during context initialization - cancelling refresh attempt: org.springframework.beans.factory.BeanCreationException: Error creating bean with name 'redisUtil' defined in file [D:\JetBrains\IdeaProjects\comm-server\target\classes\com\ms\server\comm\RedisUtil.class]: Initialization of bean failed; nested exception is org.springframework.aop.framework.AopConfigException: Could not generate CGLIB subclass of class com.ms.server.comm.RedisUtil: Common causes of this problem include using a final class or a non-visible class; nested exception is java.lang.IllegalArgumentException: Cannot subclass final class com.ms.server.comm.RedisUtil
[WARN ] 20-01-21 11:56:53.869 [restartedMain] o.a.tomcat.util.modeler.Registry - The MBean registry cannot be disabled because it has already been initialised
[WARN ] 20-01-21 11:56:54.134 [restartedMain] o.s.b.w.s.c.AnnotationConfigServletWebServerApplicationContext - Exception encountered during context initialization - cancelling refresh attempt: org.springframework.beans.factory.BeanCreationException: Error creating bean with name 'redisUtil' defined in file [D:\JetBrains\IdeaProjects\comm-server\target\classes\com\ms\server\comm\RedisUtil.class]: Initialization of bean failed; nested exception is org.springframework.aop.framework.AopConfigException: Could not generate CGLIB subclass of class com.ms.server.comm.RedisUtil: Common causes of this problem include using a final class or a non-visible class; nested exception is java.lang.IllegalArgumentException: Cannot subclass final class com.ms.server.comm.RedisUtil
[WARN ] 20-01-21 11:57:10.975 [restartedMain] o.s.b.w.s.c.AnnotationConfigServletWebServerApplicationContext - Exception encountered during context initialization - cancelling refresh attempt: org.springframework.beans.factory.BeanCreationException: Error creating bean with name 'redisUtil' defined in file [D:\JetBrains\IdeaProjects\comm-server\target\classes\com\ms\server\comm\RedisUtil.class]: Initialization of bean failed; nested exception is org.springframework.aop.framework.AopConfigException: Could not generate CGLIB subclass of class com.ms.server.comm.RedisUtil: Common causes of this problem include using a final class or a non-visible class; nested exception is java.lang.IllegalArgumentException: Cannot subclass final class com.ms.server.comm.RedisUtil
[WARN ] 20-01-21 11:57:43.387 [restartedMain] c.b.m.core.metadata.TableInfoHelper - Warn: Could not find @TableId in Class: com.ms.server.entity.BaseDataPointInfo.
[WARN ] 20-01-21 11:58:51.130 [restartedMain] c.b.m.core.metadata.TableInfoHelper - Warn: Could not find @TableId in Class: com.ms.server.entity.BaseDataPointInfo.
[WARN ] 20-01-21 12:04:11.067 [restartedMain] o.a.tomcat.util.modeler.Registry - The MBean registry cannot be disabled because it has already been initialised
[WARN ] 20-01-21 12:04:11.581 [restartedMain] c.b.m.core.metadata.TableInfoHelper - Warn: Could not find @TableId in Class: com.ms.server.entity.BaseDataPointInfo.
[WARN ] 20-01-21 20:48:11.895 [restartedMain] c.b.m.core.metadata.TableInfoHelper - Warn: Could not find @TableId in Class: com.ms.server.entity.BaseDataPointInfo.
[WARN ] 20-01-21 20:52:58.610 [restartedMain] o.a.tomcat.util.modeler.Registry - The MBean registry cannot be disabled because it has already been initialised
[WARN ] 20-01-21 20:52:59.749 [restartedMain] c.b.m.core.metadata.TableInfoHelper - Warn: Could not find @TableId in Class: com.ms.server.entity.BaseDataPointInfo.
[WARN ] 20-01-21 20:54:22.199 [restartedMain] c.b.m.core.metadata.TableInfoHelper - Warn: Could not find @TableId in Class: com.ms.server.entity.BaseDataPointInfo.
[WARN ] 20-01-21 21:06:18.524 [restartedMain] c.b.m.core.metadata.TableInfoHelper - Warn: Could not find @TableId in Class: com.ms.server.entity.BaseDataPointInfo.
[WARN ] 20-01-21 21:07:48.288 [restartedMain] c.b.m.core.metadata.TableInfoHelper - Warn: Could not find @TableId in Class: com.ms.server.entity.BaseDataPointInfo.
