[INFO ] 20-01-07 17:11:24.523 [main] o.s.b.t.c.SpringBootTestContextBootstrapper - Neither @ContextConfiguration nor @ContextHierarchy found for test class [com.ms.server.Test1], using SpringBootContextLoader
[INFO ] 20-01-07 17:11:24.533 [main] o.s.t.c.s.AbstractContextLoader - Could not detect default resource locations for test class [com.ms.server.Test1]: no resource found for suffixes {-context.xml, Context.groovy}.
[INFO ] 20-01-07 17:11:24.535 [main] o.s.t.c.s.AnnotationConfigContextLoaderUtils - Could not detect default configuration classes for test class [com.ms.server.Test1]: Test1 does not declare any static, non-private, non-final, nested classes annotated with @Configuration.
[INFO ] 20-01-07 17:11:24.799 [main] o.s.b.t.c.SpringBootTestContextBootstrapper - Found @SpringBootConfiguration com.ms.server.ServerApplication for test class com.ms.server.Test1
[INFO ] 20-01-07 17:11:25.053 [main] o.s.b.t.c.SpringBootTestContextBootstrapper - Loaded default TestExecutionListener class names from location [META-INF/spring.factories]: [org.springframework.boot.test.mock.mockito.MockitoTestExecutionListener, org.springframework.boot.test.mock.mockito.ResetMocksTestExecutionListener, org.springframework.boot.test.autoconfigure.restdocs.RestDocsTestExecutionListener, org.springframework.boot.test.autoconfigure.web.client.MockRestServiceServerResetTestExecutionListener, org.springframework.boot.test.autoconfigure.web.servlet.MockMvcPrintOnlyOnFailureTestExecutionListener, org.springframework.boot.test.autoconfigure.web.servlet.WebDriverTestExecutionListener, org.springframework.test.context.web.ServletTestExecutionListener, org.springframework.test.context.support.DirtiesContextBeforeModesTestExecutionListener, org.springframework.test.context.support.DependencyInjectionTestExecutionListener, org.springframework.test.context.support.DirtiesContextTestExecutionListener, org.springframework.test.context.transaction.TransactionalTestExecutionListener, org.springframework.test.context.jdbc.SqlScriptsTestExecutionListener, org.springframework.test.context.event.EventPublishingTestExecutionListener]
[INFO ] 20-01-07 17:11:25.089 [main] o.s.b.t.c.SpringBootTestContextBootstrapper - Using TestExecutionListeners: [org.springframework.test.context.web.ServletTestExecutionListener@1c852c0f, org.springframework.test.context.support.DirtiesContextBeforeModesTestExecutionListener@a37aefe, org.springframework.boot.test.mock.mockito.MockitoTestExecutionListener@5d99c6b5, org.springframework.boot.test.autoconfigure.SpringBootDependencyInjectionTestExecutionListener@266374ef, org.springframework.test.context.support.DirtiesContextTestExecutionListener@13b3d178, org.springframework.test.context.transaction.TransactionalTestExecutionListener@24c4ddae, org.springframework.test.context.jdbc.SqlScriptsTestExecutionListener@37fb0bed, org.springframework.test.context.event.EventPublishingTestExecutionListener@a82c5f1, org.springframework.boot.test.mock.mockito.ResetMocksTestExecutionListener@7b7fdc8, org.springframework.boot.test.autoconfigure.restdocs.RestDocsTestExecutionListener@51c693d, org.springframework.boot.test.autoconfigure.web.client.MockRestServiceServerResetTestExecutionListener@6a57ae10, org.springframework.boot.test.autoconfigure.web.servlet.MockMvcPrintOnlyOnFailureTestExecutionListener@766653e6, org.springframework.boot.test.autoconfigure.web.servlet.WebDriverTestExecutionListener@4e07b95f]
[INFO ] 20-01-07 17:11:26.096 [main] com.ms.server.Test1 - Starting Test1 on GH-PC with PID 13964 (started by April in D:\JetBrains\IdeaProjects\comm-server)
[INFO ] 20-01-07 17:11:26.098 [main] com.ms.server.Test1 - No active profile set, falling back to default profiles: default
[INFO ] 20-01-07 17:11:27.627 [main] o.s.d.r.c.RepositoryConfigurationDelegate - Multiple Spring Data modules found, entering strict repository configuration mode!
[INFO ] 20-01-07 17:11:27.632 [main] o.s.d.r.c.RepositoryConfigurationDelegate - Bootstrapping Spring Data Redis repositories in DEFAULT mode.
[INFO ] 20-01-07 17:11:27.699 [main] o.s.d.r.c.RepositoryConfigurationDelegate - Finished Spring Data repository scanning in 35ms. Found 0 Redis repository interfaces.
[INFO ] 20-01-07 17:11:28.630 [main] o.s.c.s.PostProcessorRegistrationDelegate$BeanPostProcessorChecker - Bean 'org.springframework.ws.config.annotation.DelegatingWsConfiguration' of type [org.springframework.ws.config.annotation.DelegatingWsConfiguration$$EnhancerBySpringCGLIB$$b36261bd] is not eligible for getting processed by all BeanPostProcessors (for example: not eligible for auto-proxying)
[INFO ] 20-01-07 17:11:28.686 [main] o.s.w.s.a.s.AnnotationActionEndpointMapping - Supporting [WS-Addressing August 2004, WS-Addressing 1.0]
[INFO ] 20-01-07 17:11:28.723 [main] o.s.c.s.PostProcessorRegistrationDelegate$BeanPostProcessorChecker - Bean 'org.springframework.transaction.annotation.ProxyTransactionManagementConfiguration' of type [org.springframework.transaction.annotation.ProxyTransactionManagementConfiguration] is not eligible for getting processed by all BeanPostProcessors (for example: not eligible for auto-proxying)
[INFO ] 20-01-07 17:11:29.182 [main] o.s.s.c.ThreadPoolTaskExecutor - Initializing ExecutorService
[INFO ] 20-01-07 17:11:29.206 [main] o.s.s.c.ThreadPoolTaskExecutor - Initializing ExecutorService 'TaskAsyncPool'
[INFO ] 20-01-07 17:11:33.726 [main] o.s.s.c.ThreadPoolTaskScheduler - Initializing ExecutorService 'taskScheduler'
[INFO ] 20-01-07 17:11:34.318 [main] com.ms.server.Test1 - Started Test1 in 9.138 seconds (JVM running for 12.311)
[INFO ] 20-01-07 17:11:34.612 [UDPExecutor-1] com.ms.server.udp.UdpServer - --------------------------------------------------------------------
[INFO ] 20-01-07 17:11:34.612 [UDPExecutor-1] com.ms.server.udp.UdpServer -  UDP Server start!!!  UDP Receive msg Port:8888
[INFO ] 20-01-07 17:11:35.093 [main] com.zaxxer.hikari.HikariDataSource - HikariPool-1 - Starting...
[INFO ] 20-01-07 17:11:35.479 [main] com.zaxxer.hikari.HikariDataSource - HikariPool-1 - Start completed.
[INFO ] 20-01-07 17:11:35.724 [SpringContextShutdownHook] o.s.s.c.ThreadPoolTaskScheduler - Shutting down ExecutorService 'taskScheduler'
[INFO ] 20-01-07 17:11:35.754 [SpringContextShutdownHook] com.zaxxer.hikari.HikariDataSource - HikariPool-1 - Shutdown initiated...
[INFO ] 20-01-07 17:11:35.777 [SpringContextShutdownHook] com.zaxxer.hikari.HikariDataSource - HikariPool-1 - Shutdown completed.
[INFO ] 20-01-07 17:11:35.779 [SpringContextShutdownHook] o.s.s.c.ThreadPoolTaskExecutor - Shutting down ExecutorService 'TaskAsyncPool'
[INFO ] 20-01-07 17:14:52.440 [main] o.s.b.t.c.SpringBootTestContextBootstrapper - Neither @ContextConfiguration nor @ContextHierarchy found for test class [com.ms.server.Test1], using SpringBootContextLoader
[INFO ] 20-01-07 17:14:52.455 [main] o.s.t.c.s.AbstractContextLoader - Could not detect default resource locations for test class [com.ms.server.Test1]: no resource found for suffixes {-context.xml, Context.groovy}.
[INFO ] 20-01-07 17:14:52.457 [main] o.s.t.c.s.AnnotationConfigContextLoaderUtils - Could not detect default configuration classes for test class [com.ms.server.Test1]: Test1 does not declare any static, non-private, non-final, nested classes annotated with @Configuration.
[INFO ] 20-01-07 17:14:52.902 [main] o.s.b.t.c.SpringBootTestContextBootstrapper - Found @SpringBootConfiguration com.ms.server.ServerApplication for test class com.ms.server.Test1
[INFO ] 20-01-07 17:14:53.254 [main] o.s.b.t.c.SpringBootTestContextBootstrapper - Loaded default TestExecutionListener class names from location [META-INF/spring.factories]: [org.springframework.boot.test.mock.mockito.MockitoTestExecutionListener, org.springframework.boot.test.mock.mockito.ResetMocksTestExecutionListener, org.springframework.boot.test.autoconfigure.restdocs.RestDocsTestExecutionListener, org.springframework.boot.test.autoconfigure.web.client.MockRestServiceServerResetTestExecutionListener, org.springframework.boot.test.autoconfigure.web.servlet.MockMvcPrintOnlyOnFailureTestExecutionListener, org.springframework.boot.test.autoconfigure.web.servlet.WebDriverTestExecutionListener, org.springframework.test.context.web.ServletTestExecutionListener, org.springframework.test.context.support.DirtiesContextBeforeModesTestExecutionListener, org.springframework.test.context.support.DependencyInjectionTestExecutionListener, org.springframework.test.context.support.DirtiesContextTestExecutionListener, org.springframework.test.context.transaction.TransactionalTestExecutionListener, org.springframework.test.context.jdbc.SqlScriptsTestExecutionListener, org.springframework.test.context.event.EventPublishingTestExecutionListener]
[INFO ] 20-01-07 17:14:53.282 [main] o.s.b.t.c.SpringBootTestContextBootstrapper - Using TestExecutionListeners: [org.springframework.test.context.web.ServletTestExecutionListener@625732, org.springframework.test.context.support.DirtiesContextBeforeModesTestExecutionListener@51dcb805, org.springframework.boot.test.mock.mockito.MockitoTestExecutionListener@66498326, org.springframework.boot.test.autoconfigure.SpringBootDependencyInjectionTestExecutionListener@cad498c, org.springframework.test.context.support.DirtiesContextTestExecutionListener@1e6454ec, org.springframework.test.context.transaction.TransactionalTestExecutionListener@2accdbb5, org.springframework.test.context.jdbc.SqlScriptsTestExecutionListener@b62d79, org.springframework.test.context.event.EventPublishingTestExecutionListener@6631f5ca, org.springframework.boot.test.mock.mockito.ResetMocksTestExecutionListener@5ace1ed4, org.springframework.boot.test.autoconfigure.restdocs.RestDocsTestExecutionListener@1613674b, org.springframework.boot.test.autoconfigure.web.client.MockRestServiceServerResetTestExecutionListener@27ff5d15, org.springframework.boot.test.autoconfigure.web.servlet.MockMvcPrintOnlyOnFailureTestExecutionListener@4e096385, org.springframework.boot.test.autoconfigure.web.servlet.WebDriverTestExecutionListener@649bec2e]
[INFO ] 20-01-07 17:14:54.804 [main] com.ms.server.Test1 - Starting Test1 on GH-PC with PID 15900 (started by April in D:\JetBrains\IdeaProjects\comm-server)
[INFO ] 20-01-07 17:14:54.809 [main] com.ms.server.Test1 - No active profile set, falling back to default profiles: default
[INFO ] 20-01-07 17:14:56.479 [main] o.s.d.r.c.RepositoryConfigurationDelegate - Multiple Spring Data modules found, entering strict repository configuration mode!
[INFO ] 20-01-07 17:14:56.484 [main] o.s.d.r.c.RepositoryConfigurationDelegate - Bootstrapping Spring Data Redis repositories in DEFAULT mode.
[INFO ] 20-01-07 17:14:56.546 [main] o.s.d.r.c.RepositoryConfigurationDelegate - Finished Spring Data repository scanning in 33ms. Found 0 Redis repository interfaces.
[INFO ] 20-01-07 17:14:57.410 [main] o.s.c.s.PostProcessorRegistrationDelegate$BeanPostProcessorChecker - Bean 'org.springframework.ws.config.annotation.DelegatingWsConfiguration' of type [org.springframework.ws.config.annotation.DelegatingWsConfiguration$$EnhancerBySpringCGLIB$$8fe4b7ea] is not eligible for getting processed by all BeanPostProcessors (for example: not eligible for auto-proxying)
[INFO ] 20-01-07 17:14:57.465 [main] o.s.w.s.a.s.AnnotationActionEndpointMapping - Supporting [WS-Addressing August 2004, WS-Addressing 1.0]
[INFO ] 20-01-07 17:14:57.504 [main] o.s.c.s.PostProcessorRegistrationDelegate$BeanPostProcessorChecker - Bean 'org.springframework.transaction.annotation.ProxyTransactionManagementConfiguration' of type [org.springframework.transaction.annotation.ProxyTransactionManagementConfiguration] is not eligible for getting processed by all BeanPostProcessors (for example: not eligible for auto-proxying)
[INFO ] 20-01-07 17:14:57.767 [main] o.s.s.c.ThreadPoolTaskExecutor - Initializing ExecutorService
[INFO ] 20-01-07 17:14:57.786 [main] o.s.s.c.ThreadPoolTaskExecutor - Initializing ExecutorService 'TaskAsyncPool'
[INFO ] 20-01-07 17:15:00.927 [main] o.s.s.c.ThreadPoolTaskScheduler - Initializing ExecutorService 'taskScheduler'
[INFO ] 20-01-07 17:15:01.517 [main] com.ms.server.Test1 - Started Test1 in 8.094 seconds (JVM running for 10.838)
[INFO ] 20-01-07 17:15:01.729 [UDPExecutor-1] com.ms.server.udp.UdpServer - --------------------------------------------------------------------
[INFO ] 20-01-07 17:15:01.730 [UDPExecutor-1] com.ms.server.udp.UdpServer -  UDP Server start!!!  UDP Receive msg Port:8888
[INFO ] 20-01-07 17:15:02.187 [main] com.zaxxer.hikari.HikariDataSource - HikariPool-1 - Starting...
[INFO ] 20-01-07 17:15:02.500 [main] com.zaxxer.hikari.HikariDataSource - HikariPool-1 - Start completed.
[INFO ] 20-01-07 17:15:02.583 [SpringContextShutdownHook] o.s.s.c.ThreadPoolTaskScheduler - Shutting down ExecutorService 'taskScheduler'
[INFO ] 20-01-07 17:15:02.599 [SpringContextShutdownHook] com.zaxxer.hikari.HikariDataSource - HikariPool-1 - Shutdown initiated...
[INFO ] 20-01-07 17:15:02.609 [SpringContextShutdownHook] com.zaxxer.hikari.HikariDataSource - HikariPool-1 - Shutdown completed.
[INFO ] 20-01-07 17:15:02.610 [SpringContextShutdownHook] o.s.s.c.ThreadPoolTaskExecutor - Shutting down ExecutorService 'TaskAsyncPool'
[INFO ] 20-01-07 20:37:48.075 [restartedMain] com.ms.server.ServerApplication - Starting ServerApplication on GH-PC with PID 15924 (D:\JetBrains\IdeaProjects\comm-server\target\classes started by April in D:\JetBrains\IdeaProjects\comm-server)
[INFO ] 20-01-07 20:37:48.082 [restartedMain] com.ms.server.ServerApplication - No active profile set, falling back to default profiles: default
[INFO ] 20-01-07 20:37:48.402 [restartedMain] o.s.b.d.e.DevToolsPropertyDefaultsPostProcessor - Devtools property defaults active! Set 'spring.devtools.add-properties' to 'false' to disable
[INFO ] 20-01-07 20:37:48.402 [restartedMain] o.s.b.d.e.DevToolsPropertyDefaultsPostProcessor - For additional web related logging consider setting the 'logging.level.web' property to 'DEBUG'
[INFO ] 20-01-07 20:37:49.651 [restartedMain] o.s.d.r.c.RepositoryConfigurationDelegate - Multiple Spring Data modules found, entering strict repository configuration mode!
[INFO ] 20-01-07 20:37:49.655 [restartedMain] o.s.d.r.c.RepositoryConfigurationDelegate - Bootstrapping Spring Data Redis repositories in DEFAULT mode.
[INFO ] 20-01-07 20:37:49.714 [restartedMain] o.s.d.r.c.RepositoryConfigurationDelegate - Finished Spring Data repository scanning in 27ms. Found 0 Redis repository interfaces.
[INFO ] 20-01-07 20:37:50.335 [restartedMain] o.s.c.s.PostProcessorRegistrationDelegate$BeanPostProcessorChecker - Bean 'org.springframework.ws.config.annotation.DelegatingWsConfiguration' of type [org.springframework.ws.config.annotation.DelegatingWsConfiguration$$EnhancerBySpringCGLIB$$afad7a7a] is not eligible for getting processed by all BeanPostProcessors (for example: not eligible for auto-proxying)
[INFO ] 20-01-07 20:37:50.389 [restartedMain] o.s.w.s.a.s.AnnotationActionEndpointMapping - Supporting [WS-Addressing August 2004, WS-Addressing 1.0]
[INFO ] 20-01-07 20:37:50.410 [restartedMain] o.s.c.s.PostProcessorRegistrationDelegate$BeanPostProcessorChecker - Bean 'org.springframework.transaction.annotation.ProxyTransactionManagementConfiguration' of type [org.springframework.transaction.annotation.ProxyTransactionManagementConfiguration] is not eligible for getting processed by all BeanPostProcessors (for example: not eligible for auto-proxying)
[INFO ] 20-01-07 20:37:50.969 [restartedMain] o.s.b.w.e.tomcat.TomcatWebServer - Tomcat initialized with port(s): 8080 (http)
[INFO ] 20-01-07 20:37:50.982 [restartedMain] o.a.coyote.http11.Http11NioProtocol - Initializing ProtocolHandler ["http-nio-8080"]
[INFO ] 20-01-07 20:37:50.983 [restartedMain] o.a.catalina.core.StandardService - Starting service [Tomcat]
[INFO ] 20-01-07 20:37:50.983 [restartedMain] o.a.catalina.core.StandardEngine - Starting Servlet engine: [Apache Tomcat/9.0.29]
[INFO ] 20-01-07 20:37:50.988 [restartedMain] o.a.c.core.AprLifecycleListener - Loaded APR based Apache Tomcat Native library [1.2.23] using APR version [1.7.0].
[INFO ] 20-01-07 20:37:50.988 [restartedMain] o.a.c.core.AprLifecycleListener - APR capabilities: IPv6 [true], sendfile [true], accept filters [false], random [true].
[INFO ] 20-01-07 20:37:50.988 [restartedMain] o.a.c.core.AprLifecycleListener - APR/OpenSSL configuration: useAprConnector [false], useOpenSSL [true]
[INFO ] 20-01-07 20:37:51.008 [restartedMain] o.a.c.core.AprLifecycleListener - OpenSSL successfully initialized [OpenSSL 1.1.1c  28 May 2019]
[INFO ] 20-01-07 20:37:51.270 [restartedMain] o.a.c.c.C.[Tomcat].[localhost].[/] - Initializing Spring embedded WebApplicationContext
[INFO ] 20-01-07 20:37:51.271 [restartedMain] o.s.web.context.ContextLoader - Root WebApplicationContext: initialization completed in 2868 ms
[INFO ] 20-01-07 20:37:51.385 [restartedMain] o.s.s.c.ThreadPoolTaskExecutor - Initializing ExecutorService
[INFO ] 20-01-07 20:37:51.387 [restartedMain] o.s.s.c.ThreadPoolTaskExecutor - Initializing ExecutorService 'TaskAsyncPool'
[INFO ] 20-01-07 20:37:52.741 [restartedMain] o.s.s.c.ThreadPoolTaskScheduler - Initializing ExecutorService 'taskScheduler'
[INFO ] 20-01-07 20:37:52.831 [restartedMain] o.s.b.d.a.OptionalLiveReloadServer - LiveReload server is running on port 35729
[INFO ] 20-01-07 20:38:23.847 [restartedMain] o.a.coyote.http11.Http11NioProtocol - Starting ProtocolHandler ["http-nio-8080"]
