[ERROR] 20-01-28 16:38:52.069 [restartedMain] com.ms.server.init.StartupEvent - Exception
org.springframework.beans.factory.NoSuchBeanDefinitionException: No bean named 'TaskAsyncPool' available: No matching Executor bean found for qualifier 'TaskAsyncPool' - neither qualifier match nor bean name match!
	at org.springframework.beans.factory.annotation.BeanFactoryAnnotationUtils.qualifiedBeanOfType(BeanFactoryAnnotationUtils.java:136)
	at org.springframework.beans.factory.annotation.BeanFactoryAnnotationUtils.qualifiedBeanOfType(BeanFactoryAnnotationUtils.java:95)
	at org.springframework.aop.interceptor.AsyncExecutionAspectSupport.findQualifiedExecutor(AsyncExecutionAspectSupport.java:211)
	at org.springframework.aop.interceptor.AsyncExecutionAspectSupport.determineAsyncExecutor(AsyncExecutionAspectSupport.java:169)
	at org.springframework.aop.interceptor.AsyncExecutionInterceptor.invoke(AsyncExecutionInterceptor.java:107)
	at org.springframework.aop.framework.ReflectiveMethodInvocation.proceed(ReflectiveMethodInvocation.java:186)
	at org.springframework.aop.framework.CglibAopProxy$CglibMethodInvocation.proceed(CglibAopProxy.java:747)
	at org.springframework.aop.framework.CglibAopProxy$DynamicAdvisedInterceptor.intercept(CglibAopProxy.java:689)
	at com.ms.server.udp.UdpServer$$EnhancerBySpringCGLIB$$aa9e608b.run(<generated>)
	at com.ms.server.init.StartupEvent.onApplicationEvent(StartupEvent.java:39)
	at com.ms.server.init.StartupEvent.onApplicationEvent(StartupEvent.java:14)
	at org.springframework.context.event.SimpleApplicationEventMulticaster.doInvokeListener(SimpleApplicationEventMulticaster.java:172)
	at org.springframework.context.event.SimpleApplicationEventMulticaster.invokeListener(SimpleApplicationEventMulticaster.java:165)
	at org.springframework.context.event.SimpleApplicationEventMulticaster.multicastEvent(SimpleApplicationEventMulticaster.java:139)
	at org.springframework.context.event.SimpleApplicationEventMulticaster.multicastEvent(SimpleApplicationEventMulticaster.java:127)
	at org.springframework.boot.context.config.DelegatingApplicationListener.onApplicationEvent(DelegatingApplicationListener.java:68)
	at org.springframework.context.event.SimpleApplicationEventMulticaster.doInvokeListener(SimpleApplicationEventMulticaster.java:172)
	at org.springframework.context.event.SimpleApplicationEventMulticaster.invokeListener(SimpleApplicationEventMulticaster.java:165)
	at org.springframework.context.event.SimpleApplicationEventMulticaster.multicastEvent(SimpleApplicationEventMulticaster.java:139)
	at org.springframework.context.support.AbstractApplicationContext.publishEvent(AbstractApplicationContext.java:403)
	at org.springframework.context.support.AbstractApplicationContext.publishEvent(AbstractApplicationContext.java:360)
	at org.springframework.context.support.AbstractApplicationContext.finishRefresh(AbstractApplicationContext.java:897)
	at org.springframework.boot.web.servlet.context.ServletWebServerApplicationContext.finishRefresh(ServletWebServerApplicationContext.java:162)
	at org.springframework.context.support.AbstractApplicationContext.refresh(AbstractApplicationContext.java:553)
	at org.springframework.boot.web.servlet.context.ServletWebServerApplicationContext.refresh(ServletWebServerApplicationContext.java:141)
	at org.springframework.boot.SpringApplication.refresh(SpringApplication.java:747)
	at org.springframework.boot.SpringApplication.refreshContext(SpringApplication.java:397)
	at org.springframework.boot.SpringApplication.run(SpringApplication.java:315)
	at org.springframework.boot.SpringApplication.run(SpringApplication.java:1226)
	at org.springframework.boot.SpringApplication.run(SpringApplication.java:1215)
	at com.ms.server.ServerApplication.main(ServerApplication.java:17)
	at sun.reflect.NativeMethodAccessorImpl.invoke0(Native Method)
	at sun.reflect.NativeMethodAccessorImpl.invoke(NativeMethodAccessorImpl.java:62)
	at sun.reflect.DelegatingMethodAccessorImpl.invoke(DelegatingMethodAccessorImpl.java:43)
	at java.lang.reflect.Method.invoke(Method.java:498)
	at org.springframework.boot.devtools.restart.RestartLauncher.run(RestartLauncher.java:49)
[ERROR] 20-01-28 16:42:26.780 [restartedMain] com.ms.server.init.StartupEvent - Exception
org.springframework.beans.factory.NoSuchBeanDefinitionException: No bean named 'TaskAsyncPool' available: No matching Executor bean found for qualifier 'TaskAsyncPool' - neither qualifier match nor bean name match!
	at org.springframework.beans.factory.annotation.BeanFactoryAnnotationUtils.qualifiedBeanOfType(BeanFactoryAnnotationUtils.java:136)
	at org.springframework.beans.factory.annotation.BeanFactoryAnnotationUtils.qualifiedBeanOfType(BeanFactoryAnnotationUtils.java:95)
	at org.springframework.aop.interceptor.AsyncExecutionAspectSupport.findQualifiedExecutor(AsyncExecutionAspectSupport.java:211)
	at org.springframework.aop.interceptor.AsyncExecutionAspectSupport.determineAsyncExecutor(AsyncExecutionAspectSupport.java:169)
	at org.springframework.aop.interceptor.AsyncExecutionInterceptor.invoke(AsyncExecutionInterceptor.java:107)
	at org.springframework.aop.framework.ReflectiveMethodInvocation.proceed(ReflectiveMethodInvocation.java:186)
	at org.springframework.aop.framework.CglibAopProxy$CglibMethodInvocation.proceed(CglibAopProxy.java:747)
	at org.springframework.aop.framework.CglibAopProxy$DynamicAdvisedInterceptor.intercept(CglibAopProxy.java:689)
	at com.ms.server.udp.UdpServer$$EnhancerBySpringCGLIB$$988240.run(<generated>)
	at com.ms.server.init.StartupEvent.onApplicationEvent(StartupEvent.java:39)
	at com.ms.server.init.StartupEvent.onApplicationEvent(StartupEvent.java:14)
	at org.springframework.context.event.SimpleApplicationEventMulticaster.doInvokeListener(SimpleApplicationEventMulticaster.java:172)
	at org.springframework.context.event.SimpleApplicationEventMulticaster.invokeListener(SimpleApplicationEventMulticaster.java:165)
	at org.springframework.context.event.SimpleApplicationEventMulticaster.multicastEvent(SimpleApplicationEventMulticaster.java:139)
	at org.springframework.context.event.SimpleApplicationEventMulticaster.multicastEvent(SimpleApplicationEventMulticaster.java:127)
	at org.springframework.boot.context.config.DelegatingApplicationListener.onApplicationEvent(DelegatingApplicationListener.java:68)
	at org.springframework.context.event.SimpleApplicationEventMulticaster.doInvokeListener(SimpleApplicationEventMulticaster.java:172)
	at org.springframework.context.event.SimpleApplicationEventMulticaster.invokeListener(SimpleApplicationEventMulticaster.java:165)
	at org.springframework.context.event.SimpleApplicationEventMulticaster.multicastEvent(SimpleApplicationEventMulticaster.java:139)
	at org.springframework.context.support.AbstractApplicationContext.publishEvent(AbstractApplicationContext.java:403)
	at org.springframework.context.support.AbstractApplicationContext.publishEvent(AbstractApplicationContext.java:360)
	at org.springframework.context.support.AbstractApplicationContext.finishRefresh(AbstractApplicationContext.java:897)
	at org.springframework.boot.web.servlet.context.ServletWebServerApplicationContext.finishRefresh(ServletWebServerApplicationContext.java:162)
	at org.springframework.context.support.AbstractApplicationContext.refresh(AbstractApplicationContext.java:553)
	at org.springframework.boot.web.servlet.context.ServletWebServerApplicationContext.refresh(ServletWebServerApplicationContext.java:141)
	at org.springframework.boot.SpringApplication.refresh(SpringApplication.java:747)
	at org.springframework.boot.SpringApplication.refreshContext(SpringApplication.java:397)
	at org.springframework.boot.SpringApplication.run(SpringApplication.java:315)
	at org.springframework.boot.SpringApplication.run(SpringApplication.java:1226)
	at org.springframework.boot.SpringApplication.run(SpringApplication.java:1215)
	at com.ms.server.ServerApplication.main(ServerApplication.java:17)
	at sun.reflect.NativeMethodAccessorImpl.invoke0(Native Method)
	at sun.reflect.NativeMethodAccessorImpl.invoke(NativeMethodAccessorImpl.java:62)
	at sun.reflect.DelegatingMethodAccessorImpl.invoke(DelegatingMethodAccessorImpl.java:43)
	at java.lang.reflect.Method.invoke(Method.java:498)
	at org.springframework.boot.devtools.restart.RestartLauncher.run(RestartLauncher.java:49)
